<?xml version="1.0" encoding="UTF-8"?>
<testng-results skipped="0" failed="0" ignored="0" total="1" passed="1">
  <reporter-output>
  </reporter-output>
  <suite name="Yahoo App Test Automation Suite" duration-ms="10258" started-at="2021-05-09T10:45:02Z" finished-at="2021-05-09T10:45:12Z">
    <groups>
    </groups>
    <test name="Yahoo App Test" duration-ms="10258" started-at="2021-05-09T10:45:02Z" finished-at="2021-05-09T10:45:12Z">
      <class name="com.parameters.test.ParamterTest">
        <test-method status="PASS" signature="YahooLoginTest(java.lang.String, java.lang.String, java.lang.String)[pri:0, instance:com.parameters.test.ParamterTest@30a3107a]" name="YahooLoginTest" duration-ms="9496" started-at="2021-05-09T10:45:02Z" finished-at="2021-05-09T10:45:11Z">
          <params>
            <param index="0">
              <value>
                <![CDATA[chrome]]>
              </value>
            </param>
            <param index="1">
              <value>
                <![CDATA[https://login.yahoo.com/]]>
              </value>
            </param>
            <param index="2">
              <value>
                <![CDATA[xyx@yahoo.com]]>
              </value>
            </param>
          </params>
          <reporter-output>
          </reporter-output>
        </test-method> <!-- YahooLoginTest -->
        <test-method status="PASS" signature="LogOut()[pri:0, instance:com.parameters.test.ParamterTest@30a3107a]" name="LogOut" is-config="true" duration-ms="735" started-at="2021-05-09T10:45:11Z" finished-at="2021-05-09T10:45:12Z">
          <reporter-output>
          </reporter-output>
        </test-method> <!-- LogOut -->
      </class> <!-- com.parameters.test.ParamterTest -->
    </test> <!-- Yahoo App Test -->
  </suite> <!-- Yahoo App Test Automation Suite -->
</testng-results>
